
~~~~~~~~~~~~~~~~~~~~~~~~~~~~~~~~~~~~~~~~~~~~~~~~~~~~~~~~~~~~~~~~~~~~~~~~~~~~~~~~

dataset_size = 1024.00 MB    numObjs = 67108864    numCoords = 2    numClusters = 64


|-------------Sequential Kmeans-------------|

t_alloc: 182.993174 ms

nloops = 10  : total = 154213.480949 ms
	-> t_loop_avg = 15421.348095 ms
	-> t_loop_min = 15319.288015 ms
	-> t_loop_max = 15448.244095 ms

|-------------------------------------------|

Final cluster centers:
clusters[0] =   0.61   8.12 
clusters[1] =   0.56   2.05 
clusters[2] =   0.56   4.58 
clusters[3] =   0.63   6.89 
clusters[4] =   0.77   9.43 
clusters[5] =   0.66   0.69 
clusters[6] =   0.75   3.34 
clusters[7] =   0.85   5.76 
clusters[8] =   1.72   2.01 
clusters[9] =   1.82   4.56 
clusters[10] =   1.93   7.14 
clusters[11] =   1.78   8.52 
clusters[12] =   1.96   0.67 
clusters[13] =   2.19   3.30 
clusters[14] =   2.37   5.85 
clusters[15] =   2.47   9.48 
clusters[16] =   2.96   2.01 
clusters[17] =   3.13   4.69 
clusters[18] =   3.34   6.94 
clusters[19] =   3.00   8.20 
clusters[20] =   3.25   0.67 
clusters[21] =   3.52   3.34 
clusters[22] =   3.86   9.38 
clusters[23] =   4.21   1.96 
clusters[24] =   4.40   4.59 
clusters[25] =   3.95   5.88 
clusters[26] =   4.25   8.14 
clusters[27] =   4.53   0.65 
clusters[28] =   4.84   3.30 
clusters[29] =   4.82   7.04 
clusters[30] =   5.11   9.41 
clusters[31] =   5.45   2.08 
clusters[32] =   5.68   4.54 
clusters[33] =   5.25   5.81 
clusters[34] =   5.51   8.26 
clusters[35] =   5.79   0.71 
clusters[36] =   6.10   7.04 
clusters[37] =   6.33   9.42 
clusters[38] =   6.67   2.03 
clusters[39] =   6.20   3.37 
clusters[40] =   6.44   5.78 
clusters[41] =   6.75   8.25 
clusters[42] =   7.05   0.67 
clusters[43] =   7.02   4.61 
clusters[44] =   7.29   7.10 
clusters[45] =   7.47   9.40 
clusters[46] =   7.94   1.94 
clusters[47] =   7.40   3.31 
clusters[48] =   7.58   5.89 
clusters[49] =   8.00   8.25 
clusters[50] =   8.24   4.55 
clusters[51] =   8.44   7.10 
clusters[52] =   8.55   9.38 
clusters[53] =   8.30   0.67 
clusters[54] =   8.50   3.20 
clusters[55] =   8.61   5.83 
clusters[56] =   9.33   8.21 
clusters[57] =   9.32   2.03 
clusters[58] =   9.41   4.63 
clusters[59] =   9.50   7.04 
clusters[60] =   9.54   9.39 
clusters[61] =   9.45   0.69 
clusters[62] =   9.51   3.39 
clusters[63] =   9.56   5.84 

~~~~~~~~~~~~~~~~~~~~~~~~~~~~~~~~~~~~~~~~~~~~~~~~~~~~~~~~~~~~~~~~~~~~~~~~~~~~~~~~

dataset_size = 1024.00 MB    numObjs = 67108864    numCoords = 2    numClusters = 64, block_size = 32


|-------------Naive GPU Kmeans--------------|

t_alloc: 184.689045 ms

t_alloc_gpu: 942.023039 ms

t_get_gpu: 400.027990 ms

nloops = 10  : total = 4594.806910 ms
	-> t_loop_avg = 459.480691 ms
	-> t_loop_min = 328.387976 ms
	-> t_loop_max = 928.528070 ms
	-> t_cpu_avg = 330.802941 ms
	-> t_gpu_avg = 47.092485 ms
	-> t_transfers_avg = 81.579447 ms

|-------------------------------------------|


~~~~~~~~~~~~~~~~~~~~~~~~~~~~~~~~~~~~~~~~~~~~~~~~~~~~~~~~~~~~~~~~~~~~~~~~~~~~~~~~

dataset_size = 1024.00 MB    numObjs = 67108864    numCoords = 2    numClusters = 64, block_size = 48


|-------------Naive GPU Kmeans--------------|

t_alloc: 184.247971 ms

t_alloc_gpu: 914.322853 ms

t_get_gpu: 394.076109 ms

nloops = 10  : total = 4497.179031 ms
	-> t_loop_avg = 449.717903 ms
	-> t_loop_min = 333.098173 ms
	-> t_loop_max = 775.779009 ms
	-> t_cpu_avg = 336.929202 ms
	-> t_gpu_avg = 34.123564 ms
	-> t_transfers_avg = 78.659606 ms

|-------------------------------------------|


~~~~~~~~~~~~~~~~~~~~~~~~~~~~~~~~~~~~~~~~~~~~~~~~~~~~~~~~~~~~~~~~~~~~~~~~~~~~~~~~

dataset_size = 1024.00 MB    numObjs = 67108864    numCoords = 2    numClusters = 64, block_size = 64


|-------------Naive GPU Kmeans--------------|

t_alloc: 184.070826 ms

t_alloc_gpu: 911.621094 ms

t_get_gpu: 400.393009 ms

nloops = 10  : total = 4484.354019 ms
	-> t_loop_avg = 448.435402 ms
	-> t_loop_min = 331.722021 ms
	-> t_loop_max = 767.620087 ms
	-> t_cpu_avg = 338.866472 ms
	-> t_gpu_avg = 30.025601 ms
	-> t_transfers_avg = 79.537296 ms

|-------------------------------------------|


~~~~~~~~~~~~~~~~~~~~~~~~~~~~~~~~~~~~~~~~~~~~~~~~~~~~~~~~~~~~~~~~~~~~~~~~~~~~~~~~

dataset_size = 1024.00 MB    numObjs = 67108864    numCoords = 2    numClusters = 64, block_size = 128


|-------------Naive GPU Kmeans--------------|

t_alloc: 183.254957 ms

t_alloc_gpu: 928.069830 ms

t_get_gpu: 394.766092 ms

nloops = 10  : total = 4429.275990 ms
	-> t_loop_avg = 442.927599 ms
	-> t_loop_min = 329.389095 ms
	-> t_loop_max = 757.814884 ms
	-> t_cpu_avg = 334.529209 ms
	-> t_gpu_avg = 29.082990 ms
	-> t_transfers_avg = 79.308200 ms

|-------------------------------------------|


~~~~~~~~~~~~~~~~~~~~~~~~~~~~~~~~~~~~~~~~~~~~~~~~~~~~~~~~~~~~~~~~~~~~~~~~~~~~~~~~

dataset_size = 1024.00 MB    numObjs = 67108864    numCoords = 2    numClusters = 64, block_size = 256


|-------------Naive GPU Kmeans--------------|

t_alloc: 185.466051 ms

t_alloc_gpu: 938.499928 ms

t_get_gpu: 399.912119 ms

nloops = 10  : total = 4407.413006 ms
	-> t_loop_avg = 440.741301 ms
	-> t_loop_min = 320.783138 ms
	-> t_loop_max = 758.880854 ms
	-> t_cpu_avg = 328.504872 ms
	-> t_gpu_avg = 29.104090 ms
	-> t_transfers_avg = 83.127236 ms

|-------------------------------------------|


~~~~~~~~~~~~~~~~~~~~~~~~~~~~~~~~~~~~~~~~~~~~~~~~~~~~~~~~~~~~~~~~~~~~~~~~~~~~~~~~

dataset_size = 1024.00 MB    numObjs = 67108864    numCoords = 2    numClusters = 64, block_size = 512


|-------------Naive GPU Kmeans--------------|

t_alloc: 182.915926 ms

t_alloc_gpu: 937.602997 ms

t_get_gpu: 393.333197 ms

nloops = 10  : total = 4435.085058 ms
	-> t_loop_avg = 443.508506 ms
	-> t_loop_min = 330.651999 ms
	-> t_loop_max = 752.791166 ms
	-> t_cpu_avg = 335.573578 ms
	-> t_gpu_avg = 29.095411 ms
	-> t_transfers_avg = 78.833246 ms

|-------------------------------------------|


~~~~~~~~~~~~~~~~~~~~~~~~~~~~~~~~~~~~~~~~~~~~~~~~~~~~~~~~~~~~~~~~~~~~~~~~~~~~~~~~

dataset_size = 1024.00 MB    numObjs = 67108864    numCoords = 2    numClusters = 64, block_size = 1024


|-------------Naive GPU Kmeans--------------|

t_alloc: 184.325933 ms

t_alloc_gpu: 932.305098 ms

t_get_gpu: 408.796072 ms

nloops = 10  : total = 4414.878845 ms
	-> t_loop_avg = 441.487885 ms
	-> t_loop_min = 322.371006 ms
	-> t_loop_max = 760.576010 ms
	-> t_cpu_avg = 330.130363 ms
	-> t_gpu_avg = 29.259229 ms
	-> t_transfers_avg = 82.091999 ms

|-------------------------------------------|


~~~~~~~~~~~~~~~~~~~~~~~~~~~~~~~~~~~~~~~~~~~~~~~~~~~~~~~~~~~~~~~~~~~~~~~~~~~~~~~~

dataset_size = 1024.00 MB    numObjs = 67108864    numCoords = 2    numClusters = 64, block_size = 32


|-----------Transpose GPU Kmeans------------|

t_alloc: 1006.388903 ms

t_alloc_gpu: 1468.607903 ms

t_get_gpu: 297.541142 ms

nloops = 10  : total = 3369.008064 ms
	-> t_loop_avg = 336.900806 ms
	-> t_loop_min = 297.186852 ms
	-> t_loop_max = 674.645185 ms
	-> t_cpu_avg = 227.985501 ms
	-> t_gpu_avg = 35.556602 ms
	-> t_transfers_avg = 73.353720 ms

|-------------------------------------------|


~~~~~~~~~~~~~~~~~~~~~~~~~~~~~~~~~~~~~~~~~~~~~~~~~~~~~~~~~~~~~~~~~~~~~~~~~~~~~~~~

dataset_size = 1024.00 MB    numObjs = 67108864    numCoords = 2    numClusters = 64, block_size = 48


|-----------Transpose GPU Kmeans------------|

t_alloc: 1015.435934 ms

t_alloc_gpu: 1483.220816 ms

t_get_gpu: 303.008795 ms

nloops = 10  : total = 3584.443092 ms
	-> t_loop_avg = 358.444309 ms
	-> t_loop_min = 303.333044 ms
	-> t_loop_max = 637.418032 ms
	-> t_cpu_avg = 246.143913 ms
	-> t_gpu_avg = 35.549688 ms
	-> t_transfers_avg = 76.746202 ms

|-------------------------------------------|


~~~~~~~~~~~~~~~~~~~~~~~~~~~~~~~~~~~~~~~~~~~~~~~~~~~~~~~~~~~~~~~~~~~~~~~~~~~~~~~~

dataset_size = 1024.00 MB    numObjs = 67108864    numCoords = 2    numClusters = 64, block_size = 64


|-----------Transpose GPU Kmeans------------|

t_alloc: 1010.791063 ms

t_alloc_gpu: 1486.415148 ms

t_get_gpu: 301.038980 ms

nloops = 10  : total = 3429.307938 ms
	-> t_loop_avg = 342.930794 ms
	-> t_loop_min = 298.445940 ms
	-> t_loop_max = 530.163050 ms
	-> t_cpu_avg = 230.279756 ms
	-> t_gpu_avg = 29.362369 ms
	-> t_transfers_avg = 83.283639 ms

|-------------------------------------------|


~~~~~~~~~~~~~~~~~~~~~~~~~~~~~~~~~~~~~~~~~~~~~~~~~~~~~~~~~~~~~~~~~~~~~~~~~~~~~~~~

dataset_size = 1024.00 MB    numObjs = 67108864    numCoords = 2    numClusters = 64, block_size = 128


|-----------Transpose GPU Kmeans------------|

t_alloc: 1016.031027 ms

t_alloc_gpu: 1494.041920 ms

t_get_gpu: 300.668955 ms

nloops = 10  : total = 3424.388170 ms
	-> t_loop_avg = 342.438817 ms
	-> t_loop_min = 299.867868 ms
	-> t_loop_max = 526.481152 ms
	-> t_cpu_avg = 234.894896 ms
	-> t_gpu_avg = 29.409337 ms
	-> t_transfers_avg = 78.129888 ms

|-------------------------------------------|


~~~~~~~~~~~~~~~~~~~~~~~~~~~~~~~~~~~~~~~~~~~~~~~~~~~~~~~~~~~~~~~~~~~~~~~~~~~~~~~~

dataset_size = 1024.00 MB    numObjs = 67108864    numCoords = 2    numClusters = 64, block_size = 256


|-----------Transpose GPU Kmeans------------|

t_alloc: 1011.950970 ms

t_alloc_gpu: 1467.881918 ms

t_get_gpu: 298.094988 ms

nloops = 10  : total = 3311.475992 ms
	-> t_loop_avg = 331.147599 ms
	-> t_loop_min = 296.159983 ms
	-> t_loop_max = 627.532005 ms
	-> t_cpu_avg = 228.357887 ms
	-> t_gpu_avg = 29.274511 ms
	-> t_transfers_avg = 73.510575 ms

|-------------------------------------------|


~~~~~~~~~~~~~~~~~~~~~~~~~~~~~~~~~~~~~~~~~~~~~~~~~~~~~~~~~~~~~~~~~~~~~~~~~~~~~~~~

dataset_size = 1024.00 MB    numObjs = 67108864    numCoords = 2    numClusters = 64, block_size = 512


|-----------Transpose GPU Kmeans------------|

t_alloc: 1014.997005 ms

t_alloc_gpu: 1475.060940 ms

t_get_gpu: 303.335905 ms

nloops = 10  : total = 3528.926134 ms
	-> t_loop_avg = 352.892613 ms
	-> t_loop_min = 298.183918 ms
	-> t_loop_max = 628.797054 ms
	-> t_cpu_avg = 244.787383 ms
	-> t_gpu_avg = 29.289508 ms
	-> t_transfers_avg = 78.810763 ms

|-------------------------------------------|


~~~~~~~~~~~~~~~~~~~~~~~~~~~~~~~~~~~~~~~~~~~~~~~~~~~~~~~~~~~~~~~~~~~~~~~~~~~~~~~~

dataset_size = 1024.00 MB    numObjs = 67108864    numCoords = 2    numClusters = 64, block_size = 1024


|-----------Transpose GPU Kmeans------------|

t_alloc: 1006.963015 ms

t_alloc_gpu: 1486.781120 ms

t_get_gpu: 297.949076 ms

nloops = 10  : total = 3323.724031 ms
	-> t_loop_avg = 332.372403 ms
	-> t_loop_min = 295.634985 ms
	-> t_loop_max = 641.088009 ms
	-> t_cpu_avg = 228.253102 ms
	-> t_gpu_avg = 30.577612 ms
	-> t_transfers_avg = 73.536229 ms

|-------------------------------------------|


~~~~~~~~~~~~~~~~~~~~~~~~~~~~~~~~~~~~~~~~~~~~~~~~~~~~~~~~~~~~~~~~~~~~~~~~~~~~~~~~

dataset_size = 1024.00 MB    numObjs = 67108864    numCoords = 2    numClusters = 64, block_size = 32


|-----------Shared GPU Kmeans------------|

t_alloc: 1019.364119 ms

t_alloc_gpu: 1446.810007 ms

t_get_gpu: 303.025007 ms

nloops = 10  : total = 3525.323868 ms
	-> t_loop_avg = 352.532387 ms
	-> t_loop_min = 296.081066 ms
	-> t_loop_max = 848.331928 ms
	-> t_cpu_avg = 228.257012 ms
	-> t_gpu_avg = 49.694180 ms
	-> t_transfers_avg = 74.576092 ms

|-------------------------------------------|


~~~~~~~~~~~~~~~~~~~~~~~~~~~~~~~~~~~~~~~~~~~~~~~~~~~~~~~~~~~~~~~~~~~~~~~~~~~~~~~~

dataset_size = 1024.00 MB    numObjs = 67108864    numCoords = 2    numClusters = 64, block_size = 48


|-----------Shared GPU Kmeans------------|

t_alloc: 1006.891012 ms

t_alloc_gpu: 1464.043140 ms

t_get_gpu: 298.153877 ms

nloops = 10  : total = 3341.834068 ms
	-> t_loop_avg = 334.183407 ms
	-> t_loop_min = 299.565077 ms
	-> t_loop_max = 625.375986 ms
	-> t_cpu_avg = 228.635311 ms
	-> t_gpu_avg = 32.096696 ms
	-> t_transfers_avg = 73.446059 ms

|-------------------------------------------|


~~~~~~~~~~~~~~~~~~~~~~~~~~~~~~~~~~~~~~~~~~~~~~~~~~~~~~~~~~~~~~~~~~~~~~~~~~~~~~~~

dataset_size = 1024.00 MB    numObjs = 67108864    numCoords = 2    numClusters = 64, block_size = 64


|-----------Shared GPU Kmeans------------|

t_alloc: 1014.792919 ms

t_alloc_gpu: 1442.981958 ms

t_get_gpu: 303.272009 ms

nloops = 10  : total = 3302.112103 ms
	-> t_loop_avg = 330.211210 ms
	-> t_loop_min = 295.373917 ms
	-> t_loop_max = 630.134106 ms
	-> t_cpu_avg = 228.468990 ms
	-> t_gpu_avg = 27.418041 ms
	-> t_transfers_avg = 74.319100 ms

|-------------------------------------------|


~~~~~~~~~~~~~~~~~~~~~~~~~~~~~~~~~~~~~~~~~~~~~~~~~~~~~~~~~~~~~~~~~~~~~~~~~~~~~~~~

dataset_size = 1024.00 MB    numObjs = 67108864    numCoords = 2    numClusters = 64, block_size = 128


|-----------Shared GPU Kmeans------------|

t_alloc: 1007.616043 ms

t_alloc_gpu: 1488.475800 ms

t_get_gpu: 297.861099 ms

nloops = 10  : total = 3287.128925 ms
	-> t_loop_avg = 328.712893 ms
	-> t_loop_min = 294.088840 ms
	-> t_loop_max = 625.587940 ms
	-> t_cpu_avg = 228.223062 ms
	-> t_gpu_avg = 27.403450 ms
	-> t_transfers_avg = 73.081565 ms

|-------------------------------------------|


~~~~~~~~~~~~~~~~~~~~~~~~~~~~~~~~~~~~~~~~~~~~~~~~~~~~~~~~~~~~~~~~~~~~~~~~~~~~~~~~

dataset_size = 1024.00 MB    numObjs = 67108864    numCoords = 2    numClusters = 64, block_size = 256


|-----------Shared GPU Kmeans------------|

t_alloc: 1015.789032 ms

t_alloc_gpu: 1487.011909 ms

t_get_gpu: 302.655935 ms

nloops = 10  : total = 3305.757999 ms
	-> t_loop_avg = 330.575800 ms
	-> t_loop_min = 295.454025 ms
	-> t_loop_max = 630.996943 ms
	-> t_cpu_avg = 228.730631 ms
	-> t_gpu_avg = 27.282763 ms
	-> t_transfers_avg = 74.557495 ms

|-------------------------------------------|


~~~~~~~~~~~~~~~~~~~~~~~~~~~~~~~~~~~~~~~~~~~~~~~~~~~~~~~~~~~~~~~~~~~~~~~~~~~~~~~~

dataset_size = 1024.00 MB    numObjs = 67108864    numCoords = 2    numClusters = 64, block_size = 512


|-----------Shared GPU Kmeans------------|

t_alloc: 1012.839079 ms

t_alloc_gpu: 1473.170042 ms

t_get_gpu: 297.992945 ms

nloops = 10  : total = 3330.790997 ms
	-> t_loop_avg = 333.079100 ms
	-> t_loop_min = 294.527054 ms
	-> t_loop_max = 648.451090 ms
	-> t_cpu_avg = 228.916645 ms
	-> t_gpu_avg = 30.415320 ms
	-> t_transfers_avg = 73.741817 ms

|-------------------------------------------|


~~~~~~~~~~~~~~~~~~~~~~~~~~~~~~~~~~~~~~~~~~~~~~~~~~~~~~~~~~~~~~~~~~~~~~~~~~~~~~~~

dataset_size = 1024.00 MB    numObjs = 67108864    numCoords = 2    numClusters = 64, block_size = 1024


|-----------Shared GPU Kmeans------------|

t_alloc: 1015.749931 ms

t_alloc_gpu: 1462.574959 ms

t_get_gpu: 303.246021 ms

nloops = 10  : total = 3292.701006 ms
	-> t_loop_avg = 329.270101 ms
	-> t_loop_min = 294.798851 ms
	-> t_loop_max = 631.377935 ms
	-> t_cpu_avg = 227.069640 ms
	-> t_gpu_avg = 27.250862 ms
	-> t_transfers_avg = 74.945092 ms

|-------------------------------------------|


~~~~~~~~~~~~~~~~~~~~~~~~~~~~~~~~~~~~~~~~~~~~~~~~~~~~~~~~~~~~~~~~~~~~~~~~~~~~~~~~

dataset_size = 1024.00 MB    numObjs = 67108864    numCoords = 2    numClusters = 64, block_size = 32


|-----------Full-offload GPU Kmeans------------|

t_alloc: 1054.522991 ms

t_alloc_gpu: 1458.047867 ms

t_get_gpu: 388.461113 ms

nloops = 10  : total = 722.434998 ms
	-> t_loop_avg = 72.243500 ms
	-> t_loop_min = 29.396057 ms
	-> t_loop_max = 198.085070 ms
	-> t_cpu_avg = 0.000095 ms
	-> t_gpu_avg = 46.425796 ms
	-> t_transfers_avg = 0.013304 ms

|-------------------------------------------|


~~~~~~~~~~~~~~~~~~~~~~~~~~~~~~~~~~~~~~~~~~~~~~~~~~~~~~~~~~~~~~~~~~~~~~~~~~~~~~~~

dataset_size = 1024.00 MB    numObjs = 67108864    numCoords = 2    numClusters = 64, block_size = 48


|-----------Full-offload GPU Kmeans------------|

t_alloc: 1047.379971 ms

t_alloc_gpu: 1456.130028 ms

t_get_gpu: 390.687943 ms

nloops = 10  : total = 666.152954 ms
	-> t_loop_avg = 66.615295 ms
	-> t_loop_min = 29.862881 ms
	-> t_loop_max = 152.498960 ms
	-> t_cpu_avg = 0.000000 ms
	-> t_gpu_avg = 42.299128 ms
	-> t_transfers_avg = 0.018096 ms

|-------------------------------------------|


~~~~~~~~~~~~~~~~~~~~~~~~~~~~~~~~~~~~~~~~~~~~~~~~~~~~~~~~~~~~~~~~~~~~~~~~~~~~~~~~

dataset_size = 1024.00 MB    numObjs = 67108864    numCoords = 2    numClusters = 64, block_size = 64


|-----------Full-offload GPU Kmeans------------|

t_alloc: 1042.169094 ms

t_alloc_gpu: 1458.061218 ms

t_get_gpu: 393.449783 ms

nloops = 10  : total = 673.774004 ms
	-> t_loop_avg = 67.377400 ms
	-> t_loop_min = 29.417038 ms
	-> t_loop_max = 151.474953 ms
	-> t_cpu_avg = 0.000000 ms
	-> t_gpu_avg = 41.787314 ms
	-> t_transfers_avg = 0.018525 ms

|-------------------------------------------|


~~~~~~~~~~~~~~~~~~~~~~~~~~~~~~~~~~~~~~~~~~~~~~~~~~~~~~~~~~~~~~~~~~~~~~~~~~~~~~~~

dataset_size = 1024.00 MB    numObjs = 67108864    numCoords = 2    numClusters = 64, block_size = 128


|-----------Full-offload GPU Kmeans------------|

t_alloc: 1047.265053 ms

t_alloc_gpu: 1493.916035 ms

t_get_gpu: 396.731138 ms

nloops = 10  : total = 660.933018 ms
	-> t_loop_avg = 66.093302 ms
	-> t_loop_min = 29.407978 ms
	-> t_loop_max = 151.829958 ms
	-> t_cpu_avg = 0.000000 ms
	-> t_gpu_avg = 41.815734 ms
	-> t_transfers_avg = 0.018477 ms

|-------------------------------------------|


~~~~~~~~~~~~~~~~~~~~~~~~~~~~~~~~~~~~~~~~~~~~~~~~~~~~~~~~~~~~~~~~~~~~~~~~~~~~~~~~

dataset_size = 1024.00 MB    numObjs = 67108864    numCoords = 2    numClusters = 64, block_size = 256


|-----------Full-offload GPU Kmeans------------|

t_alloc: 1041.168928 ms

t_alloc_gpu: 1461.568117 ms

t_get_gpu: 388.453007 ms

nloops = 10  : total = 581.256866 ms
	-> t_loop_avg = 58.125687 ms
	-> t_loop_min = 29.403925 ms
	-> t_loop_max = 151.551008 ms
	-> t_cpu_avg = 0.000000 ms
	-> t_gpu_avg = 41.779852 ms
	-> t_transfers_avg = 0.011683 ms

|-------------------------------------------|


~~~~~~~~~~~~~~~~~~~~~~~~~~~~~~~~~~~~~~~~~~~~~~~~~~~~~~~~~~~~~~~~~~~~~~~~~~~~~~~~

dataset_size = 1024.00 MB    numObjs = 67108864    numCoords = 2    numClusters = 64, block_size = 512


|-----------Full-offload GPU Kmeans------------|

t_alloc: 1047.039986 ms

t_alloc_gpu: 1444.880009 ms

t_get_gpu: 390.536070 ms

nloops = 10  : total = 661.259890 ms
	-> t_loop_avg = 66.125989 ms
	-> t_loop_min = 29.411077 ms
	-> t_loop_max = 151.545048 ms
	-> t_cpu_avg = 0.000000 ms
	-> t_gpu_avg = 41.784644 ms
	-> t_transfers_avg = 0.019097 ms

|-------------------------------------------|


~~~~~~~~~~~~~~~~~~~~~~~~~~~~~~~~~~~~~~~~~~~~~~~~~~~~~~~~~~~~~~~~~~~~~~~~~~~~~~~~

dataset_size = 1024.00 MB    numObjs = 67108864    numCoords = 2    numClusters = 64, block_size = 1024


|-----------Full-offload GPU Kmeans------------|

t_alloc: 1049.049854 ms

t_alloc_gpu: 1448.805809 ms

t_get_gpu: 390.093088 ms

nloops = 10  : total = 698.834181 ms
	-> t_loop_avg = 69.883418 ms
	-> t_loop_min = 29.399157 ms
	-> t_loop_max = 178.014994 ms
	-> t_cpu_avg = 0.000000 ms
	-> t_gpu_avg = 45.829821 ms
	-> t_transfers_avg = 0.019121 ms

|-------------------------------------------|

