~~~~~~~~~~~~~~~~~~~~~~~~~~~~~~~~~~~~~~~~~~~~~~~~~~~~~~~~~~~~~~~~~~~~~~~~~~~~~~~~

dataset_size = 32.00 MB    numObjs = 262144    numCoords = 16    numClusters = 32
Initial cluster centers:
clusters[0] =   0.00   8.00   8.35   1.07   7.63   6.35   4.28  10.00   6.72   3.34   2.51   5.59   2.44   3.35   5.44   2.78
clusters[1] =   0.90   1.97   4.48   6.97   0.07   4.76   4.26   1.19   4.99   5.27   7.36   3.58   1.46   2.94   6.23   5.45
clusters[2] =   1.02   1.22   0.58   5.50   2.22   0.68   8.89   9.14   8.69   2.67   2.72   9.27   8.86   9.32   3.71   5.94
clusters[3] =   1.06   3.44   4.49   5.51   1.72   6.81   2.74   0.34   9.66   5.11   3.94   8.26   0.26   8.72   2.65   0.79
clusters[4] =   1.09   5.65   8.40   5.51   1.24   2.93   6.59   1.55   0.63   7.55   5.17   7.26   1.66   8.13   1.58   5.64
clusters[5] =   2.11   8.89   0.64   9.95   5.82   7.27   1.19   0.69   2.60   6.88   5.37   0.94   8.08   4.10   9.86   8.81
clusters[6] =   2.15   1.10   4.54   9.95   5.33   3.41   5.04   1.90   3.57   9.32   6.60   9.93   9.48   3.50   8.79   3.65
clusters[7] =   2.19   3.31   8.45   9.95   4.84   9.53   8.89   3.10   4.54   1.75   7.82   8.93   0.88   2.90   7.73   8.51
clusters[8] =   2.22   5.52   2.35   9.95   4.36   5.66   2.74   4.31   5.50   4.19   9.05   7.92   2.28   2.31   6.67   3.35
clusters[9] =   3.24   8.76   4.60   4.39   8.94  10.00   7.35   3.45   7.47   3.51   9.25   1.60   8.70   8.28   4.95   6.52
clusters[10] =   3.28   0.97   8.50   4.40   8.45   6.13   1.20   4.66   8.45   5.95   0.48   0.60   0.11   7.68   3.88   1.37
clusters[11] =   3.32   3.19   2.41   4.40   7.96   2.26   5.05   5.86   9.41   8.38   1.70   9.59   1.50   7.08   2.82   6.21
clusters[12] =   4.33   6.41   4.65   8.84   2.54   6.59   9.65   5.00   1.38   7.72   1.90   3.28   7.93   3.06   1.09   9.38
clusters[13] =   4.37   8.63   8.55   8.83   2.05   2.72   3.50   6.21   2.35   0.15   3.13   2.27   9.33   2.46   0.03   4.23
clusters[14] =   4.40   0.84   2.46   8.84   1.56   8.85   7.35   7.42   3.32   2.59   4.35   1.26   0.73   1.86   8.96   9.07
clusters[15] =   4.43   3.06   6.37   8.84   1.07   4.98   1.20   8.62   4.28   5.03   5.57   0.26   2.12   1.26   7.90   3.92
clusters[16] =   4.68   1.58   3.51   0.18   8.19   9.23   8.23   1.93   1.34   6.04   4.04   6.79   6.61   0.47   6.65   2.91
clusters[17] =   5.46   6.28   8.61   3.28   5.66   9.32   5.81   7.76   6.26   4.35   5.79   3.94   8.55   7.23   6.17   7.09
clusters[18] =   5.50   8.51   2.51   3.28   5.17   5.45   9.66   8.97   7.22   6.79   7.01   2.93   9.95   6.63   5.11   1.94
clusters[19] =   6.55   3.95   8.66   7.72   9.27   5.91   8.11   9.31   0.16   8.56   8.44   5.61   7.77   2.01   2.32   9.95
clusters[20] =   6.59   6.16   2.57   7.73   8.78   2.04   1.96   0.52   1.13   0.99   9.66   4.60   9.17   1.42   1.26   4.80
clusters[21] =   6.62   8.38   6.47   7.73   8.29   8.17   5.81   1.73   2.10   3.43   0.88   3.60   0.57   0.81   0.19   9.65
clusters[22] =   6.66   0.59   0.38   7.73   7.80   4.30   9.67   2.93   3.07   5.87   2.11   2.59   1.97   0.22   9.12   4.50
clusters[23] =   7.68   3.82   2.61   2.17   2.38   8.64   4.27   2.07   5.04   5.19   2.31   6.27   8.40   6.19   7.41   7.66
clusters[24] =   7.71   6.03   6.52   2.17   1.89   4.77   8.12   3.28   6.01   7.63   3.54   5.27   9.79   5.59   6.34   2.51
clusters[25] =   8.77   1.48   2.67   6.61   5.98   5.23   6.57   3.62   8.94   9.40   4.97   7.95   7.61   0.97   3.55   0.52
clusters[26] =   8.80   3.69   6.57   6.61   5.50   1.36   0.42   4.83   9.92   1.84   6.19   6.94   9.02   0.37   2.49   5.38
clusters[27] =   8.84   5.90   0.48   6.62   5.01   7.49   4.28   6.03   0.88   4.27   7.41   5.93   0.41   9.77   1.42   0.22
clusters[28] =   8.87   8.12   4.39   6.62   4.52   3.62   8.13   7.24   1.85   6.71   8.63   4.92   1.81   9.17   0.35   5.07
clusters[29] =   9.90   1.35   6.63   1.06   9.10   7.96   2.73   6.38   3.82   6.04   8.85   8.61   8.24   5.14   8.64   8.24
clusters[30] =   9.93   3.57   0.54   1.06   8.61   4.09   6.58   7.58   4.79   8.48   0.07   7.60   9.64   4.54   7.57   3.08
clusters[31] =   9.97   5.78   4.44   1.06   8.12   0.21   0.43   8.79   5.76   0.90   1.29   6.59   1.04   3.95   6.50   7.93

Sequential Kmeans
        completed loop 10
        nloops =  10   (total =  1.3623s)  (per loop =  0.1362s)

Final cluster centers:
clusters[0] =   3.52   6.92   6.15   3.45   6.30   5.21   5.77   6.23   5.79   3.84   3.34   3.22   1.84   1.56   1.93   2.96
clusters[1] =   3.07   1.28   0.54   0.32   0.21   0.14   0.14   0.12   0.14   0.14   0.19   0.33   0.71   1.15   2.33   4.15
clusters[2] =   3.11   2.13   1.93   1.73   1.63   2.17   4.65   6.70   5.38   4.65   5.27   5.06   5.16   5.07   4.62   5.25
clusters[3] =   3.73   5.30   4.08   4.48   2.36   6.27   3.27   3.17   7.51   5.16   4.22   5.72   3.58   7.08   4.51   2.96
clusters[4] =   4.27   6.06   6.21   2.98   1.76   1.43   1.34   2.05   2.80   6.68   5.76   5.34   4.15   5.20   4.40   5.17
clusters[5] =   4.43   6.18   4.61   5.89   6.10   6.29   2.56   2.20   1.87   2.73   2.44   2.53   6.00   5.59   6.60   6.23
clusters[6] =   3.35   2.94   5.63   7.57   5.02   3.49   4.89   4.01   4.33   6.84   5.91   6.12   6.79   5.95   6.79   3.51
clusters[7] =   4.94   4.43   7.28   6.55   4.40   6.08   7.04   3.99   4.63   2.95   4.78   7.23   2.98   4.27   6.52   6.54
clusters[8] =   3.90   6.87   3.38   6.86   4.91   4.80   3.17   5.83   5.52   4.34   6.63   6.83   3.12   2.66   6.80   5.25
clusters[9] =   4.33   5.90   3.93   4.51   6.97   6.36   6.42   2.63   6.75   4.67   7.19   3.66   6.19   6.55   4.83   6.29
clusters[10] =   5.03   3.10   6.93   5.13   7.21   4.42   3.28   4.17   6.37   4.76   2.96   2.35   3.67   6.62   4.28   3.38
clusters[11] =   3.67   4.32   3.43   4.49   7.15   3.97   5.24   5.27   6.58   6.66   2.93   6.78   3.26   6.04   3.93   7.19
clusters[12] =   4.53   5.97   3.97   6.36   2.95   6.05   6.57   4.12   4.04   6.24   2.72   4.67   7.05   3.77   2.82   6.82
clusters[13] =   5.21   5.58   5.38   3.81   1.27   0.35   0.21   0.15   0.12   0.10   0.12   0.17   0.29   0.36   1.28   3.20
clusters[14] =   5.22   3.91   3.97   3.84   3.32   6.71   5.50   6.81   3.98   2.45   1.77   1.46   1.72   3.01   5.37   6.39
clusters[15] =   5.03   4.43   4.76   5.14   2.90   3.20   3.44   5.51   5.16   6.52   4.24   1.44   1.07   1.04   2.38   3.84
clusters[16] =   3.15   3.33   4.44   2.45   5.63   6.87   5.97   3.01   2.64   3.51   4.92   6.17   6.30   3.22   4.65   3.57
clusters[17] =   4.52   5.31   7.44   4.86   4.10   6.67   4.45   7.57   6.10   3.77   3.54   4.36   7.15   6.80   5.68   5.88
clusters[18] =   4.12   6.49   3.03   4.44   4.34   4.85   5.66   7.26   5.62   5.46   7.02   2.70   7.09   4.41   6.00   3.00
clusters[19] =   4.87   4.41   6.84   5.63   7.01   4.74   5.09   6.70   3.13   6.10   6.95   4.51   6.33   2.76   2.69   6.32
clusters[20] =   5.37   4.84   5.48   5.91   3.87   1.69   1.18   0.90   0.74   1.11   3.40   6.20   5.90   4.69   4.10   4.34
clusters[21] =   4.94   4.88   5.00   5.37   5.84   5.50   3.45   1.87   0.76   0.42   0.31   0.29   0.44   0.86   1.87   4.01
clusters[22] =   5.56   4.68   4.25   5.74   6.45   3.01   7.30   3.27   3.26   2.68   2.39   1.73   2.15   3.12   6.68   4.52
clusters[23] =   4.50   2.39   1.15   0.69   0.51   0.45   0.57   0.83   2.07   2.88   4.28   5.28   5.50   5.10   5.28   5.01
clusters[24] =   6.62   6.17   6.72   2.68   2.70   3.16   7.09   3.58   5.62   6.11   3.92   5.12   6.08   4.68   6.70   3.98
clusters[25] =   6.72   3.74   4.07   5.80   4.94   6.36   5.85   4.26   6.47   6.23   5.71   5.89   3.26   1.83   2.05   2.58
clusters[26] =   6.61   5.22   5.74   5.21   3.53   2.35   2.19   3.87   7.52   3.48   5.59   5.29   6.80   3.39   3.62   5.88
clusters[27] =   6.27   5.16   3.78   6.14   4.91   6.88   4.41   5.49   2.40   3.33   5.35   5.90   4.06   7.47   3.03   2.91
clusters[28] =   6.36   6.29   5.51   5.78   3.54   2.88   6.70   6.20   4.27   5.48   6.78   3.56   2.81   7.32   4.29   6.20
clusters[29] =   6.79   3.55   5.52   2.67   6.05   6.23   3.04   5.59   4.43   6.30   7.25   5.77   3.67   5.23   6.97   6.13
clusters[30] =   7.15   5.11   3.26   4.24   7.07   3.87   5.02   7.13   4.25   5.28   2.45   6.24   6.70   5.16   6.22   3.97
clusters[31] =   5.16   5.26   4.85   3.52   1.72   0.75   0.42   0.27   0.23   0.23   0.45   0.95   2.79   5.24   6.21   5.54