rm: cannot remove 'seidelsor': No such file or directory
rm: cannot remove 'redblacksor': No such file or directory
rm: cannot remove 'seidelsor_conv': No such file or directory
rm: cannot remove 'redblacksor_conv': No such file or directory
make: *** [clean] Error 1
mpi_jacobi.c: In function 'main':
mpi_jacobi.c:18:42: warning: unused variable 'tconf' [-Wunused-variable]
     struct timeval tts,ttf,tcs,tcf,tcons,tconf;   //Timers: total-> tts,ttf, computation -> tcs,tcf
                                          ^
mpi_jacobi.c:18:36: warning: unused variable 'tcons' [-Wunused-variable]
     struct timeval tts,ttf,tcs,tcf,tcons,tconf;   //Timers: total-> tts,ttf, computation -> tcs,tcf
                                    ^
mpi_jacobi.c:16:12: warning: variable 'omega' set but not used [-Wunused-but-set-variable]
     double omega;    //relaxation factor - useless for Jacobi
            ^
mpi_jacobi.c:14:28: warning: unused variable 'converged' [-Wunused-variable]
     int global_converged=0,converged=0; //flags for convergence, global and per process
                            ^
mpi_jacobi.c:14:9: warning: unused variable 'global_converged' [-Wunused-variable]
     int global_converged=0,converged=0; //flags for convergence, global and per process
         ^
mpi_jacobi.c:350:9: warning: 'scattercounts' may be used uninitialized in this function [-Wmaybe-uninitialized]
         free(scattercounts);
         ^
mpi_jacobi.c:349:9: warning: 'scatteroffset' may be used uninitialized in this function [-Wmaybe-uninitialized]
         free(scatteroffset);
         ^
mpi_jacobi.c:120:5: warning: 'U' may be used uninitialized in this function [-Wmaybe-uninitialized]
     MPI_Scatterv(rank ==0 ? &U[0][0] : NULL,
     ^
mpi_jacobi_async.c: In function 'main':
mpi_jacobi_async.c:18:42: warning: unused variable 'tconf' [-Wunused-variable]
     struct timeval tts,ttf,tcs,tcf,tcons,tconf;   //Timers: total-> tts,ttf, computation -> tcs,tcf
                                          ^
mpi_jacobi_async.c:18:36: warning: unused variable 'tcons' [-Wunused-variable]
     struct timeval tts,ttf,tcs,tcf,tcons,tconf;   //Timers: total-> tts,ttf, computation -> tcs,tcf
                                    ^
mpi_jacobi_async.c:16:12: warning: variable 'omega' set but not used [-Wunused-but-set-variable]
     double omega;    //relaxation factor - useless for Jacobi
            ^
mpi_jacobi_async.c:14:28: warning: unused variable 'converged' [-Wunused-variable]
     int global_converged=0,converged=0; //flags for convergence, global and per process
                            ^
mpi_jacobi_async.c:14:9: warning: unused variable 'global_converged' [-Wunused-variable]
     int global_converged=0,converged=0; //flags for convergence, global and per process
         ^
mpi_jacobi_async.c:349:9: warning: 'scattercounts' may be used uninitialized in this function [-Wmaybe-uninitialized]
         free(scattercounts);
         ^
mpi_jacobi_async.c:348:9: warning: 'scatteroffset' may be used uninitialized in this function [-Wmaybe-uninitialized]
         free(scatteroffset);
         ^
mpi_jacobi_async.c:120:5: warning: 'U' may be used uninitialized in this function [-Wmaybe-uninitialized]
     MPI_Scatterv(rank ==0 ? &U[0][0] : NULL,
     ^
mpi_jacobi.c: In function 'main':
mpi_jacobi.c:16:12: warning: variable 'omega' set but not used [-Wunused-but-set-variable]
     double omega;    //relaxation factor - useless for Jacobi
            ^
mpi_jacobi.c:350:9: warning: 'scattercounts' may be used uninitialized in this function [-Wmaybe-uninitialized]
         free(scattercounts);
         ^
mpi_jacobi.c:349:9: warning: 'scatteroffset' may be used uninitialized in this function [-Wmaybe-uninitialized]
         free(scatteroffset);
         ^
mpi_jacobi.c:120:5: warning: 'U' may be used uninitialized in this function [-Wmaybe-uninitialized]
     MPI_Scatterv(rank ==0 ? &U[0][0] : NULL,
     ^
